10:32:12.341 [main] INFO  c.z.r.RenewUploadApplication - Starting RenewUploadApplication on ycyyliujijun with PID 13020 (C:\Users\Administrator\git\gxb-management\youedata-base-support\youedata-dfs\target\classes started by Administrator in C:\Users\Administrator\git\gxb-management\youedata-base-support\youedata-dfs)
10:32:12.359 [main] INFO  c.z.r.RenewUploadApplication - The following profiles are active: dev
10:32:14.424 [main] WARN  o.s.b.w.s.c.AnnotationConfigServletWebServerApplicationContext - Exception encountered during context initialization - cancelling refresh attempt: org.springframework.beans.factory.support.BeanDefinitionOverrideException: Invalid bean definition with name 'paginationInterceptor' defined in class path resource [cn/stylefeng/roses/core/config/MybatisPluginAutoConfiguration.class]: Cannot register bean definition [Root bean: class [null]; scope=; abstract=false; lazyInit=false; autowireMode=3; dependencyCheck=0; autowireCandidate=true; primary=false; factoryBeanName=cn.stylefeng.roses.core.config.MybatisPluginAutoConfiguration; factoryMethodName=paginationInterceptor; initMethodName=null; destroyMethodName=(inferred); defined in class path resource [cn/stylefeng/roses/core/config/MybatisPluginAutoConfiguration.class]] for bean 'paginationInterceptor': There is already [Root bean: class [null]; scope=; abstract=false; lazyInit=false; autowireMode=3; dependencyCheck=0; autowireCandidate=true; primary=false; factoryBeanName=mybatisPlusConfig; factoryMethodName=paginationInterceptor; initMethodName=null; destroyMethodName=(inferred); defined in class path resource [com/zw/renewupload/config/MybatisPlusConfig.class]] bound.
10:32:14.436 [main] INFO  o.s.b.a.l.ConditionEvaluationReportLoggingListener - 

Error starting ApplicationContext. To display the conditions report re-run your application with 'debug' enabled.
10:32:14.441 [main] ERROR o.s.b.d.LoggingFailureAnalysisReporter - 

***************************
APPLICATION FAILED TO START
***************************

Description:

The bean 'paginationInterceptor', defined in class path resource [cn/stylefeng/roses/core/config/MybatisPluginAutoConfiguration.class], could not be registered. A bean with that name has already been defined in class path resource [com/zw/renewupload/config/MybatisPlusConfig.class] and overriding is disabled.

Action:

Consider renaming one of the beans or enabling overriding by setting spring.main.allow-bean-definition-overriding=true

10:35:18.392 [main] INFO  c.z.r.RenewUploadApplication - Starting RenewUploadApplication on ycyyliujijun with PID 808 (C:\Users\Administrator\git\gxb-management\youedata-base-support\youedata-dfs\target\classes started by Administrator in C:\Users\Administrator\git\gxb-management\youedata-base-support\youedata-dfs)
10:35:18.398 [main] INFO  c.z.r.RenewUploadApplication - The following profiles are active: dev
10:35:19.928 [main] WARN  o.m.s.mapper.ClassPathMapperScanner - No MyBatis mapper was found in '[com.youedata.sys.modular.*.mapper, com.youedata.modular.*.mapper, com.youedata.sms.modular.mapper]' package. Please check your configuration.
10:35:20.202 [main] WARN  o.m.s.mapper.ClassPathMapperScanner - No MyBatis mapper was found in '[com.zw.renewupload]' package. Please check your configuration.
10:35:20.925 [main] INFO  o.s.c.s.PostProcessorRegistrationDelegate$BeanPostProcessorChecker - Bean 'org.springframework.transaction.annotation.ProxyTransactionManagementConfiguration' of type [org.springframework.transaction.annotation.ProxyTransactionManagementConfiguration$$EnhancerBySpringCGLIB$$e3aa898e] is not eligible for getting processed by all BeanPostProcessors (for example: not eligible for auto-proxying)
10:35:21.919 [main] INFO  o.s.b.w.e.tomcat.TomcatWebServer - Tomcat initialized with port(s): 8081 (http)
10:35:21.938 [main] INFO  o.a.coyote.http11.Http11NioProtocol - Initializing ProtocolHandler ["http-nio-8081"]
10:35:21.953 [main] INFO  o.a.catalina.core.StandardService - Starting service [Tomcat]
10:35:21.954 [main] INFO  o.a.catalina.core.StandardEngine - Starting Servlet Engine: Apache Tomcat/9.0.13
10:35:21.968 [main] INFO  o.a.c.core.AprLifecycleListener - The APR based Apache Tomcat Native library which allows optimal performance in production environments was not found on the java.library.path: [D:\ProgramFiles\Java\jdk1.8.0_144\bin;C:\Windows\Sun\Java\bin;C:\Windows\system32;C:\Windows;D:\ProgramFiles\Java\jdk1.8.0_144\jre\bin;D:/ProgramFiles/Java/jdk1.8.0_144/bin/../jre/bin/server;D:/ProgramFiles/Java/jdk1.8.0_144/bin/../jre/bin;D:/ProgramFiles/Java/jdk1.8.0_144/bin/../jre/lib/amd64;C:\Program Files (x86)\Microsoft Visual Studio\2017\Community\MSBuild\15.0\Bin;D:\ProgramFiles\sonar-scanner-msbuild-4.6.2.2108-net46;D:\ProgramFiles\sonar-scanner-cli-4.0.0.1744-windows\sonar-scanner-4.0.0.1744-windows\bin;C:\OpenSSL-Win64\bin;C:\Program Files\gnuplot\bin;C:\Python27;D:\ProgramFiles\sqlite-dll-win64-x64-3270200;D:\ProgramFiles\kafka-connect\plugins\schema-registry-master\bin\windows;D:\ProgramFiles\kafka_2.11-0.11.0.1\bin;D:\ProgramFiles\zookeeper-3.4.6\bin;D:\ProgramFiles\sqlite;D:\ProgramFiles\erl7.1\bin;D:\ProgramFiles\ffmpeg-3.4-win64-static\bin;D:\ProgramFiles\mongodb3.4.6\bin;D:\ProgramFiles\Java\jdk1.8.0_144\bin;D:\ProgramFiles\apache-maven-3.3.9\bin;D:\ProgramFiles\OracleInstall\product\11.2.0\dbhome_1\bin;C:\ProgramData\Oracle\Java\javapath;C:\Windows\system32;C:\Windows;C:\Windows\System32\Wbem;C:\Windows\System32\WindowsPowerShell\v1.0\;C:\Program Files\TortoiseSVN\bin;C:\Program Files (x86)\MySQL\MySQL Fabric 1.5 & MySQL Utilities 1.5\;C:\Program Files (x86)\MySQL\MySQL Fabric 1.5 & MySQL Utilities 1.5\Doctrine extensions for PHP\;D:\ProgramFiles\VanDyke Software\Clients\;D:\ProgramFiles\Oracle\Instant Client\bin;C:\Program Files\OpenVPN\bin;C:\Program Files (x86)\IBM\Rational AppScan\;C:\Program Files\Git\cmd;C:\Program Files (x86)\Microsoft SQL Server\80\Tools\Binn\;C:\Program Files\TortoiseGit\bin;C:\Program Files\Microsoft SQL Server Migration Assistant for MySQL\bin\;D:\ProgramFiles\nodejs\node_global;D:\ProgramFiles\PuTTY\;D:\ProgramFiles\nodejs\;C:\Program Files\dotnet\;;C:\Users\Administrator\AppData\Local\Programs\Fiddler;C:\Users\Administrator\AppData\Roaming\npm;C:\Program Files\Docker Toolbox;D:\ProgramFiles\spring-tool-suite-3.9.1.RELEASE\sts-bundle\sts-3.9.1.RELEASE;;.]
10:35:22.209 [main] INFO  o.a.c.c.C.[Tomcat].[localhost].[/] - Initializing Spring embedded WebApplicationContext
10:35:22.210 [main] INFO  o.s.web.context.ContextLoader - Root WebApplicationContext: initialization completed in 3735 ms
10:35:22.485 [main] WARN  o.s.b.w.s.c.AnnotationConfigServletWebServerApplicationContext - Exception encountered during context initialization - cancelling refresh attempt: org.springframework.beans.factory.UnsatisfiedDependencyException: Error creating bean with name 'fileUploadController': Unsatisfied dependency expressed through field 'fileLogService'; nested exception is org.springframework.beans.factory.UnsatisfiedDependencyException: Error creating bean with name 'fileLogServiceImpl': Unsatisfied dependency expressed through field 'fileStoreLogMapper'; nested exception is org.springframework.beans.factory.NoSuchBeanDefinitionException: No qualifying bean of type 'com.zw.renewupload.persistence.dao.FileStoreLogMapper' available: expected at least 1 bean which qualifies as autowire candidate. Dependency annotations: {@org.springframework.beans.factory.annotation.Autowired(required=true)}
10:35:22.493 [main] INFO  o.a.catalina.core.StandardService - Stopping service [Tomcat]
10:35:22.536 [main] INFO  o.s.b.a.l.ConditionEvaluationReportLoggingListener - 

Error starting ApplicationContext. To display the conditions report re-run your application with 'debug' enabled.
10:35:22.831 [main] ERROR o.s.b.d.LoggingFailureAnalysisReporter - 

***************************
APPLICATION FAILED TO START
***************************

Description:

Field fileStoreLogMapper in com.zw.renewupload.service.impl.FileLogServiceImpl required a bean of type 'com.zw.renewupload.persistence.dao.FileStoreLogMapper' that could not be found.

The injection point has the following annotations:
	- @org.springframework.beans.factory.annotation.Autowired(required=true)


Action:

Consider defining a bean of type 'com.zw.renewupload.persistence.dao.FileStoreLogMapper' in your configuration.

10:39:48.251 [main] INFO  c.z.r.RenewUploadApplication - Starting RenewUploadApplication on ycyyliujijun with PID 13372 (C:\Users\Administrator\git\gxb-management\youedata-base-support\youedata-dfs\target\classes started by Administrator in C:\Users\Administrator\git\gxb-management\youedata-base-support\youedata-dfs)
10:39:48.256 [main] INFO  c.z.r.RenewUploadApplication - The following profiles are active: dev
10:39:49.538 [main] WARN  o.m.s.mapper.ClassPathMapperScanner - No MyBatis mapper was found in '[com.youedata.sys.modular.*.mapper, com.youedata.modular.*.mapper, com.youedata.sms.modular.mapper]' package. Please check your configuration.
10:39:49.829 [main] WARN  o.m.s.mapper.ClassPathMapperScanner - No MyBatis mapper was found in '[com.zw.renewupload]' package. Please check your configuration.
10:39:50.466 [main] INFO  o.s.c.s.PostProcessorRegistrationDelegate$BeanPostProcessorChecker - Bean 'org.springframework.transaction.annotation.ProxyTransactionManagementConfiguration' of type [org.springframework.transaction.annotation.ProxyTransactionManagementConfiguration$$EnhancerBySpringCGLIB$$d67b5d66] is not eligible for getting processed by all BeanPostProcessors (for example: not eligible for auto-proxying)
10:39:51.407 [main] INFO  o.s.b.w.e.tomcat.TomcatWebServer - Tomcat initialized with port(s): 8081 (http)
10:39:51.427 [main] INFO  o.a.coyote.http11.Http11NioProtocol - Initializing ProtocolHandler ["http-nio-8081"]
10:39:51.440 [main] INFO  o.a.catalina.core.StandardService - Starting service [Tomcat]
10:39:51.441 [main] INFO  o.a.catalina.core.StandardEngine - Starting Servlet Engine: Apache Tomcat/9.0.13
10:39:51.455 [main] INFO  o.a.c.core.AprLifecycleListener - The APR based Apache Tomcat Native library which allows optimal performance in production environments was not found on the java.library.path: [D:\ProgramFiles\Java\jdk1.8.0_144\bin;C:\Windows\Sun\Java\bin;C:\Windows\system32;C:\Windows;D:\ProgramFiles\Java\jdk1.8.0_144\jre\bin;D:/ProgramFiles/Java/jdk1.8.0_144/bin/../jre/bin/server;D:/ProgramFiles/Java/jdk1.8.0_144/bin/../jre/bin;D:/ProgramFiles/Java/jdk1.8.0_144/bin/../jre/lib/amd64;C:\Program Files (x86)\Microsoft Visual Studio\2017\Community\MSBuild\15.0\Bin;D:\ProgramFiles\sonar-scanner-msbuild-4.6.2.2108-net46;D:\ProgramFiles\sonar-scanner-cli-4.0.0.1744-windows\sonar-scanner-4.0.0.1744-windows\bin;C:\OpenSSL-Win64\bin;C:\Program Files\gnuplot\bin;C:\Python27;D:\ProgramFiles\sqlite-dll-win64-x64-3270200;D:\ProgramFiles\kafka-connect\plugins\schema-registry-master\bin\windows;D:\ProgramFiles\kafka_2.11-0.11.0.1\bin;D:\ProgramFiles\zookeeper-3.4.6\bin;D:\ProgramFiles\sqlite;D:\ProgramFiles\erl7.1\bin;D:\ProgramFiles\ffmpeg-3.4-win64-static\bin;D:\ProgramFiles\mongodb3.4.6\bin;D:\ProgramFiles\Java\jdk1.8.0_144\bin;D:\ProgramFiles\apache-maven-3.3.9\bin;D:\ProgramFiles\OracleInstall\product\11.2.0\dbhome_1\bin;C:\ProgramData\Oracle\Java\javapath;C:\Windows\system32;C:\Windows;C:\Windows\System32\Wbem;C:\Windows\System32\WindowsPowerShell\v1.0\;C:\Program Files\TortoiseSVN\bin;C:\Program Files (x86)\MySQL\MySQL Fabric 1.5 & MySQL Utilities 1.5\;C:\Program Files (x86)\MySQL\MySQL Fabric 1.5 & MySQL Utilities 1.5\Doctrine extensions for PHP\;D:\ProgramFiles\VanDyke Software\Clients\;D:\ProgramFiles\Oracle\Instant Client\bin;C:\Program Files\OpenVPN\bin;C:\Program Files (x86)\IBM\Rational AppScan\;C:\Program Files\Git\cmd;C:\Program Files (x86)\Microsoft SQL Server\80\Tools\Binn\;C:\Program Files\TortoiseGit\bin;C:\Program Files\Microsoft SQL Server Migration Assistant for MySQL\bin\;D:\ProgramFiles\nodejs\node_global;D:\ProgramFiles\PuTTY\;D:\ProgramFiles\nodejs\;C:\Program Files\dotnet\;;C:\Users\Administrator\AppData\Local\Programs\Fiddler;C:\Users\Administrator\AppData\Roaming\npm;C:\Program Files\Docker Toolbox;D:\ProgramFiles\spring-tool-suite-3.9.1.RELEASE\sts-bundle\sts-3.9.1.RELEASE;;.]
10:39:51.735 [main] INFO  o.a.c.c.C.[Tomcat].[localhost].[/] - Initializing Spring embedded WebApplicationContext
10:39:51.735 [main] INFO  o.s.web.context.ContextLoader - Root WebApplicationContext: initialization completed in 3367 ms
10:39:52.000 [main] WARN  o.s.b.w.s.c.AnnotationConfigServletWebServerApplicationContext - Exception encountered during context initialization - cancelling refresh attempt: org.springframework.beans.factory.UnsatisfiedDependencyException: Error creating bean with name 'fileUploadController': Unsatisfied dependency expressed through field 'fileLogService'; nested exception is org.springframework.beans.factory.UnsatisfiedDependencyException: Error creating bean with name 'fileLogServiceImpl': Unsatisfied dependency expressed through field 'fileStoreLogMapper'; nested exception is org.springframework.beans.factory.NoSuchBeanDefinitionException: No qualifying bean of type 'com.zw.renewupload.persistence.dao.FileStoreLogMapper' available: expected at least 1 bean which qualifies as autowire candidate. Dependency annotations: {@org.springframework.beans.factory.annotation.Autowired(required=true)}
10:39:52.015 [main] INFO  o.a.catalina.core.StandardService - Stopping service [Tomcat]
10:39:52.052 [main] INFO  o.s.b.a.l.ConditionEvaluationReportLoggingListener - 

Error starting ApplicationContext. To display the conditions report re-run your application with 'debug' enabled.
10:39:52.296 [main] ERROR o.s.b.d.LoggingFailureAnalysisReporter - 

***************************
APPLICATION FAILED TO START
***************************

Description:

Field fileStoreLogMapper in com.zw.renewupload.service.impl.FileLogServiceImpl required a bean of type 'com.zw.renewupload.persistence.dao.FileStoreLogMapper' that could not be found.

The injection point has the following annotations:
	- @org.springframework.beans.factory.annotation.Autowired(required=true)


Action:

Consider defining a bean of type 'com.zw.renewupload.persistence.dao.FileStoreLogMapper' in your configuration.

10:40:40.217 [main] INFO  c.z.r.RenewUploadApplication - Starting RenewUploadApplication on ycyyliujijun with PID 12892 (C:\Users\Administrator\git\gxb-management\youedata-base-support\youedata-dfs\target\classes started by Administrator in C:\Users\Administrator\git\gxb-management\youedata-base-support\youedata-dfs)
10:40:40.222 [main] INFO  c.z.r.RenewUploadApplication - The following profiles are active: dev
10:40:41.586 [main] WARN  o.m.s.mapper.ClassPathMapperScanner - No MyBatis mapper was found in '[com.youedata.dfs.*.mapper]' package. Please check your configuration.
10:40:41.839 [main] WARN  o.m.s.mapper.ClassPathMapperScanner - No MyBatis mapper was found in '[com.zw.renewupload]' package. Please check your configuration.
10:40:42.476 [main] INFO  o.s.c.s.PostProcessorRegistrationDelegate$BeanPostProcessorChecker - Bean 'org.springframework.transaction.annotation.ProxyTransactionManagementConfiguration' of type [org.springframework.transaction.annotation.ProxyTransactionManagementConfiguration$$EnhancerBySpringCGLIB$$78ab3ee] is not eligible for getting processed by all BeanPostProcessors (for example: not eligible for auto-proxying)
10:40:43.414 [main] INFO  o.s.b.w.e.tomcat.TomcatWebServer - Tomcat initialized with port(s): 8081 (http)
10:40:43.435 [main] INFO  o.a.coyote.http11.Http11NioProtocol - Initializing ProtocolHandler ["http-nio-8081"]
10:40:43.449 [main] INFO  o.a.catalina.core.StandardService - Starting service [Tomcat]
10:40:43.450 [main] INFO  o.a.catalina.core.StandardEngine - Starting Servlet Engine: Apache Tomcat/9.0.13
10:40:43.467 [main] INFO  o.a.c.core.AprLifecycleListener - The APR based Apache Tomcat Native library which allows optimal performance in production environments was not found on the java.library.path: [D:\ProgramFiles\Java\jdk1.8.0_144\bin;C:\Windows\Sun\Java\bin;C:\Windows\system32;C:\Windows;D:\ProgramFiles\Java\jdk1.8.0_144\jre\bin;D:/ProgramFiles/Java/jdk1.8.0_144/bin/../jre/bin/server;D:/ProgramFiles/Java/jdk1.8.0_144/bin/../jre/bin;D:/ProgramFiles/Java/jdk1.8.0_144/bin/../jre/lib/amd64;C:\Program Files (x86)\Microsoft Visual Studio\2017\Community\MSBuild\15.0\Bin;D:\ProgramFiles\sonar-scanner-msbuild-4.6.2.2108-net46;D:\ProgramFiles\sonar-scanner-cli-4.0.0.1744-windows\sonar-scanner-4.0.0.1744-windows\bin;C:\OpenSSL-Win64\bin;C:\Program Files\gnuplot\bin;C:\Python27;D:\ProgramFiles\sqlite-dll-win64-x64-3270200;D:\ProgramFiles\kafka-connect\plugins\schema-registry-master\bin\windows;D:\ProgramFiles\kafka_2.11-0.11.0.1\bin;D:\ProgramFiles\zookeeper-3.4.6\bin;D:\ProgramFiles\sqlite;D:\ProgramFiles\erl7.1\bin;D:\ProgramFiles\ffmpeg-3.4-win64-static\bin;D:\ProgramFiles\mongodb3.4.6\bin;D:\ProgramFiles\Java\jdk1.8.0_144\bin;D:\ProgramFiles\apache-maven-3.3.9\bin;D:\ProgramFiles\OracleInstall\product\11.2.0\dbhome_1\bin;C:\ProgramData\Oracle\Java\javapath;C:\Windows\system32;C:\Windows;C:\Windows\System32\Wbem;C:\Windows\System32\WindowsPowerShell\v1.0\;C:\Program Files\TortoiseSVN\bin;C:\Program Files (x86)\MySQL\MySQL Fabric 1.5 & MySQL Utilities 1.5\;C:\Program Files (x86)\MySQL\MySQL Fabric 1.5 & MySQL Utilities 1.5\Doctrine extensions for PHP\;D:\ProgramFiles\VanDyke Software\Clients\;D:\ProgramFiles\Oracle\Instant Client\bin;C:\Program Files\OpenVPN\bin;C:\Program Files (x86)\IBM\Rational AppScan\;C:\Program Files\Git\cmd;C:\Program Files (x86)\Microsoft SQL Server\80\Tools\Binn\;C:\Program Files\TortoiseGit\bin;C:\Program Files\Microsoft SQL Server Migration Assistant for MySQL\bin\;D:\ProgramFiles\nodejs\node_global;D:\ProgramFiles\PuTTY\;D:\ProgramFiles\nodejs\;C:\Program Files\dotnet\;;C:\Users\Administrator\AppData\Local\Programs\Fiddler;C:\Users\Administrator\AppData\Roaming\npm;C:\Program Files\Docker Toolbox;D:\ProgramFiles\spring-tool-suite-3.9.1.RELEASE\sts-bundle\sts-3.9.1.RELEASE;;.]
10:40:43.657 [main] INFO  o.a.c.c.C.[Tomcat].[localhost].[/] - Initializing Spring embedded WebApplicationContext
10:40:43.657 [main] INFO  o.s.web.context.ContextLoader - Root WebApplicationContext: initialization completed in 3311 ms
10:40:43.899 [main] WARN  o.s.b.w.s.c.AnnotationConfigServletWebServerApplicationContext - Exception encountered during context initialization - cancelling refresh attempt: org.springframework.beans.factory.UnsatisfiedDependencyException: Error creating bean with name 'fileUploadController': Unsatisfied dependency expressed through field 'fileLogService'; nested exception is org.springframework.beans.factory.UnsatisfiedDependencyException: Error creating bean with name 'fileLogServiceImpl': Unsatisfied dependency expressed through field 'fileStoreLogMapper'; nested exception is org.springframework.beans.factory.NoSuchBeanDefinitionException: No qualifying bean of type 'com.zw.renewupload.persistence.dao.FileStoreLogMapper' available: expected at least 1 bean which qualifies as autowire candidate. Dependency annotations: {@org.springframework.beans.factory.annotation.Autowired(required=true)}
10:40:43.908 [main] INFO  o.a.catalina.core.StandardService - Stopping service [Tomcat]
10:40:43.954 [main] INFO  o.s.b.a.l.ConditionEvaluationReportLoggingListener - 

Error starting ApplicationContext. To display the conditions report re-run your application with 'debug' enabled.
10:40:44.209 [main] ERROR o.s.b.d.LoggingFailureAnalysisReporter - 

***************************
APPLICATION FAILED TO START
***************************

Description:

Field fileStoreLogMapper in com.zw.renewupload.service.impl.FileLogServiceImpl required a bean of type 'com.zw.renewupload.persistence.dao.FileStoreLogMapper' that could not be found.

The injection point has the following annotations:
	- @org.springframework.beans.factory.annotation.Autowired(required=true)


Action:

Consider defining a bean of type 'com.zw.renewupload.persistence.dao.FileStoreLogMapper' in your configuration.

10:44:09.280 [main] INFO  c.y.dfs.RenewUploadApplication - Starting RenewUploadApplication on ycyyliujijun with PID 14228 (C:\Users\Administrator\git\gxb-management\youedata-base-support\youedata-dfs\target\classes started by Administrator in C:\Users\Administrator\git\gxb-management\youedata-base-support\youedata-dfs)
10:44:09.285 [main] INFO  c.y.dfs.RenewUploadApplication - The following profiles are active: dev
10:44:10.821 [main] WARN  o.m.s.mapper.ClassPathMapperScanner - No MyBatis mapper was found in '[com.youedata.dfs.*.mapper]' package. Please check your configuration.
10:44:11.123 [main] WARN  o.m.s.mapper.ClassPathMapperScanner - No MyBatis mapper was found in '[com.youedata.dfs]' package. Please check your configuration.
10:44:11.854 [main] INFO  o.s.c.s.PostProcessorRegistrationDelegate$BeanPostProcessorChecker - Bean 'org.springframework.transaction.annotation.ProxyTransactionManagementConfiguration' of type [org.springframework.transaction.annotation.ProxyTransactionManagementConfiguration$$EnhancerBySpringCGLIB$$39db312b] is not eligible for getting processed by all BeanPostProcessors (for example: not eligible for auto-proxying)
10:44:12.828 [main] INFO  o.s.b.w.e.tomcat.TomcatWebServer - Tomcat initialized with port(s): 8081 (http)
10:44:12.849 [main] INFO  o.a.coyote.http11.Http11NioProtocol - Initializing ProtocolHandler ["http-nio-8081"]
10:44:12.875 [main] INFO  o.a.catalina.core.StandardService - Starting service [Tomcat]
10:44:12.876 [main] INFO  o.a.catalina.core.StandardEngine - Starting Servlet Engine: Apache Tomcat/9.0.13
10:44:12.891 [main] INFO  o.a.c.core.AprLifecycleListener - The APR based Apache Tomcat Native library which allows optimal performance in production environments was not found on the java.library.path: [D:\ProgramFiles\Java\jdk1.8.0_144\bin;C:\Windows\Sun\Java\bin;C:\Windows\system32;C:\Windows;D:\ProgramFiles\Java\jdk1.8.0_144\jre\bin;D:/ProgramFiles/Java/jdk1.8.0_144/bin/../jre/bin/server;D:/ProgramFiles/Java/jdk1.8.0_144/bin/../jre/bin;D:/ProgramFiles/Java/jdk1.8.0_144/bin/../jre/lib/amd64;C:\Program Files (x86)\Microsoft Visual Studio\2017\Community\MSBuild\15.0\Bin;D:\ProgramFiles\sonar-scanner-msbuild-4.6.2.2108-net46;D:\ProgramFiles\sonar-scanner-cli-4.0.0.1744-windows\sonar-scanner-4.0.0.1744-windows\bin;C:\OpenSSL-Win64\bin;C:\Program Files\gnuplot\bin;C:\Python27;D:\ProgramFiles\sqlite-dll-win64-x64-3270200;D:\ProgramFiles\kafka-connect\plugins\schema-registry-master\bin\windows;D:\ProgramFiles\kafka_2.11-0.11.0.1\bin;D:\ProgramFiles\zookeeper-3.4.6\bin;D:\ProgramFiles\sqlite;D:\ProgramFiles\erl7.1\bin;D:\ProgramFiles\ffmpeg-3.4-win64-static\bin;D:\ProgramFiles\mongodb3.4.6\bin;D:\ProgramFiles\Java\jdk1.8.0_144\bin;D:\ProgramFiles\apache-maven-3.3.9\bin;D:\ProgramFiles\OracleInstall\product\11.2.0\dbhome_1\bin;C:\ProgramData\Oracle\Java\javapath;C:\Windows\system32;C:\Windows;C:\Windows\System32\Wbem;C:\Windows\System32\WindowsPowerShell\v1.0\;C:\Program Files\TortoiseSVN\bin;C:\Program Files (x86)\MySQL\MySQL Fabric 1.5 & MySQL Utilities 1.5\;C:\Program Files (x86)\MySQL\MySQL Fabric 1.5 & MySQL Utilities 1.5\Doctrine extensions for PHP\;D:\ProgramFiles\VanDyke Software\Clients\;D:\ProgramFiles\Oracle\Instant Client\bin;C:\Program Files\OpenVPN\bin;C:\Program Files (x86)\IBM\Rational AppScan\;C:\Program Files\Git\cmd;C:\Program Files (x86)\Microsoft SQL Server\80\Tools\Binn\;C:\Program Files\TortoiseGit\bin;C:\Program Files\Microsoft SQL Server Migration Assistant for MySQL\bin\;D:\ProgramFiles\nodejs\node_global;D:\ProgramFiles\PuTTY\;D:\ProgramFiles\nodejs\;C:\Program Files\dotnet\;;C:\Users\Administrator\AppData\Local\Programs\Fiddler;C:\Users\Administrator\AppData\Roaming\npm;C:\Program Files\Docker Toolbox;D:\ProgramFiles\spring-tool-suite-3.9.1.RELEASE\sts-bundle\sts-3.9.1.RELEASE;;.]
10:44:13.124 [main] INFO  o.a.c.c.C.[Tomcat].[localhost].[/] - Initializing Spring embedded WebApplicationContext
10:44:13.124 [main] INFO  o.s.web.context.ContextLoader - Root WebApplicationContext: initialization completed in 3703 ms
10:44:13.403 [main] WARN  o.s.b.w.s.c.AnnotationConfigServletWebServerApplicationContext - Exception encountered during context initialization - cancelling refresh attempt: org.springframework.beans.factory.UnsatisfiedDependencyException: Error creating bean with name 'fileUploadController': Unsatisfied dependency expressed through field 'fileLogService'; nested exception is org.springframework.beans.factory.UnsatisfiedDependencyException: Error creating bean with name 'fileLogServiceImpl': Unsatisfied dependency expressed through field 'fileStoreLogMapper'; nested exception is org.springframework.beans.factory.NoSuchBeanDefinitionException: No qualifying bean of type 'com.youedata.dfs.persistence.dao.FileStoreLogMapper' available: expected at least 1 bean which qualifies as autowire candidate. Dependency annotations: {@org.springframework.beans.factory.annotation.Autowired(required=true)}
10:44:13.414 [main] INFO  o.a.catalina.core.StandardService - Stopping service [Tomcat]
10:44:13.464 [main] INFO  o.s.b.a.l.ConditionEvaluationReportLoggingListener - 

Error starting ApplicationContext. To display the conditions report re-run your application with 'debug' enabled.
10:44:13.751 [main] ERROR o.s.b.d.LoggingFailureAnalysisReporter - 

***************************
APPLICATION FAILED TO START
***************************

Description:

Field fileStoreLogMapper in com.youedata.dfs.service.impl.FileLogServiceImpl required a bean of type 'com.youedata.dfs.persistence.dao.FileStoreLogMapper' that could not be found.

The injection point has the following annotations:
	- @org.springframework.beans.factory.annotation.Autowired(required=true)


Action:

Consider defining a bean of type 'com.youedata.dfs.persistence.dao.FileStoreLogMapper' in your configuration.

10:46:05.555 [main] INFO  c.y.dfs.RenewUploadApplication - Starting RenewUploadApplication on ycyyliujijun with PID 14296 (C:\Users\Administrator\git\gxb-management\youedata-base-support\youedata-dfs\target\classes started by Administrator in C:\Users\Administrator\git\gxb-management\youedata-base-support\youedata-dfs)
10:46:05.563 [main] INFO  c.y.dfs.RenewUploadApplication - The following profiles are active: dev
10:46:08.341 [main] INFO  o.s.c.s.PostProcessorRegistrationDelegate$BeanPostProcessorChecker - Bean 'org.springframework.transaction.annotation.ProxyTransactionManagementConfiguration' of type [org.springframework.transaction.annotation.ProxyTransactionManagementConfiguration$$EnhancerBySpringCGLIB$$85bc590e] is not eligible for getting processed by all BeanPostProcessors (for example: not eligible for auto-proxying)
10:46:09.226 [main] INFO  o.s.b.w.e.tomcat.TomcatWebServer - Tomcat initialized with port(s): 8081 (http)
10:46:09.249 [main] INFO  o.a.coyote.http11.Http11NioProtocol - Initializing ProtocolHandler ["http-nio-8081"]
10:46:09.263 [main] INFO  o.a.catalina.core.StandardService - Starting service [Tomcat]
10:46:09.263 [main] INFO  o.a.catalina.core.StandardEngine - Starting Servlet Engine: Apache Tomcat/9.0.13
10:46:09.277 [main] INFO  o.a.c.core.AprLifecycleListener - The APR based Apache Tomcat Native library which allows optimal performance in production environments was not found on the java.library.path: [D:\ProgramFiles\Java\jdk1.8.0_144\bin;C:\Windows\Sun\Java\bin;C:\Windows\system32;C:\Windows;D:\ProgramFiles\Java\jdk1.8.0_144\jre\bin;D:/ProgramFiles/Java/jdk1.8.0_144/bin/../jre/bin/server;D:/ProgramFiles/Java/jdk1.8.0_144/bin/../jre/bin;D:/ProgramFiles/Java/jdk1.8.0_144/bin/../jre/lib/amd64;C:\Program Files (x86)\Microsoft Visual Studio\2017\Community\MSBuild\15.0\Bin;D:\ProgramFiles\sonar-scanner-msbuild-4.6.2.2108-net46;D:\ProgramFiles\sonar-scanner-cli-4.0.0.1744-windows\sonar-scanner-4.0.0.1744-windows\bin;C:\OpenSSL-Win64\bin;C:\Program Files\gnuplot\bin;C:\Python27;D:\ProgramFiles\sqlite-dll-win64-x64-3270200;D:\ProgramFiles\kafka-connect\plugins\schema-registry-master\bin\windows;D:\ProgramFiles\kafka_2.11-0.11.0.1\bin;D:\ProgramFiles\zookeeper-3.4.6\bin;D:\ProgramFiles\sqlite;D:\ProgramFiles\erl7.1\bin;D:\ProgramFiles\ffmpeg-3.4-win64-static\bin;D:\ProgramFiles\mongodb3.4.6\bin;D:\ProgramFiles\Java\jdk1.8.0_144\bin;D:\ProgramFiles\apache-maven-3.3.9\bin;D:\ProgramFiles\OracleInstall\product\11.2.0\dbhome_1\bin;C:\ProgramData\Oracle\Java\javapath;C:\Windows\system32;C:\Windows;C:\Windows\System32\Wbem;C:\Windows\System32\WindowsPowerShell\v1.0\;C:\Program Files\TortoiseSVN\bin;C:\Program Files (x86)\MySQL\MySQL Fabric 1.5 & MySQL Utilities 1.5\;C:\Program Files (x86)\MySQL\MySQL Fabric 1.5 & MySQL Utilities 1.5\Doctrine extensions for PHP\;D:\ProgramFiles\VanDyke Software\Clients\;D:\ProgramFiles\Oracle\Instant Client\bin;C:\Program Files\OpenVPN\bin;C:\Program Files (x86)\IBM\Rational AppScan\;C:\Program Files\Git\cmd;C:\Program Files (x86)\Microsoft SQL Server\80\Tools\Binn\;C:\Program Files\TortoiseGit\bin;C:\Program Files\Microsoft SQL Server Migration Assistant for MySQL\bin\;D:\ProgramFiles\nodejs\node_global;D:\ProgramFiles\PuTTY\;D:\ProgramFiles\nodejs\;C:\Program Files\dotnet\;;C:\Users\Administrator\AppData\Local\Programs\Fiddler;C:\Users\Administrator\AppData\Roaming\npm;C:\Program Files\Docker Toolbox;D:\ProgramFiles\spring-tool-suite-3.9.1.RELEASE\sts-bundle\sts-3.9.1.RELEASE;;.]
10:46:09.506 [main] INFO  o.a.c.c.C.[Tomcat].[localhost].[/] - Initializing Spring embedded WebApplicationContext
10:46:09.507 [main] INFO  o.s.web.context.ContextLoader - Root WebApplicationContext: initialization completed in 3818 ms
10:46:09.896 [main] WARN  o.s.b.w.s.c.AnnotationConfigServletWebServerApplicationContext - Exception encountered during context initialization - cancelling refresh attempt: org.springframework.beans.factory.UnsatisfiedDependencyException: Error creating bean with name 'fileUploadController': Unsatisfied dependency expressed through field 'fileLogService'; nested exception is org.springframework.beans.factory.UnsatisfiedDependencyException: Error creating bean with name 'fileLogServiceImpl': Unsatisfied dependency expressed through field 'fileStoreLogMapper'; nested exception is org.springframework.beans.factory.UnsatisfiedDependencyException: Error creating bean with name 'fileStoreLogMapper' defined in file [C:\Users\Administrator\git\gxb-management\youedata-base-support\youedata-dfs\target\classes\com\youedata\dfs\persistence\mapper\FileStoreLogMapper.class]: Unsatisfied dependency expressed through bean property 'sqlSessionFactory'; nested exception is org.springframework.beans.factory.UnsatisfiedDependencyException: Error creating bean with name 'com.baomidou.mybatisplus.autoconfigure.MybatisPlusAutoConfiguration': Unsatisfied dependency expressed through constructor parameter 0; nested exception is org.springframework.boot.context.properties.ConfigurationPropertiesBindException: Error creating bean with name 'mybatis-plus-com.baomidou.mybatisplus.autoconfigure.MybatisPlusProperties': Could not bind properties to 'MybatisPlusProperties' : prefix=mybatis-plus, ignoreInvalidFields=false, ignoreUnknownFields=true; nested exception is org.springframework.boot.context.properties.bind.BindException: Failed to bind properties under 'mybatis-plus.configuration.log-impl' to java.lang.Class<org.apache.ibatis.logging.Log>
10:46:09.901 [main] INFO  o.a.catalina.core.StandardService - Stopping service [Tomcat]
10:46:09.952 [main] INFO  o.s.b.a.l.ConditionEvaluationReportLoggingListener - 

Error starting ApplicationContext. To display the conditions report re-run your application with 'debug' enabled.
10:46:09.956 [main] ERROR o.s.b.d.LoggingFailureAnalysisReporter - 

***************************
APPLICATION FAILED TO START
***************************

Description:

Failed to bind properties under 'mybatis-plus.configuration.log-impl' to java.lang.Class<org.apache.ibatis.logging.Log>:

    Property: mybatis-plus.configuration.log-impl
    Value: org.apache.ibatis.logging.stdout.StdOutImp
    Origin: class path resource [application.yml]:51:15
    Reason: No converter found capable of converting from type [java.lang.String] to type [java.lang.Class<org.apache.ibatis.logging.Log>]

Action:

Update your application's configuration

10:47:04.410 [main] INFO  c.y.dfs.RenewUploadApplication - Starting RenewUploadApplication on ycyyliujijun with PID 11516 (C:\Users\Administrator\git\gxb-management\youedata-base-support\youedata-dfs\target\classes started by Administrator in C:\Users\Administrator\git\gxb-management\youedata-base-support\youedata-dfs)
10:47:04.418 [main] INFO  c.y.dfs.RenewUploadApplication - The following profiles are active: dev
10:47:06.715 [main] INFO  o.s.c.s.PostProcessorRegistrationDelegate$BeanPostProcessorChecker - Bean 'org.springframework.transaction.annotation.ProxyTransactionManagementConfiguration' of type [org.springframework.transaction.annotation.ProxyTransactionManagementConfiguration$$EnhancerBySpringCGLIB$$f7b8acb0] is not eligible for getting processed by all BeanPostProcessors (for example: not eligible for auto-proxying)
10:47:07.706 [main] INFO  o.s.b.w.e.tomcat.TomcatWebServer - Tomcat initialized with port(s): 8081 (http)
10:47:07.728 [main] INFO  o.a.coyote.http11.Http11NioProtocol - Initializing ProtocolHandler ["http-nio-8081"]
10:47:07.743 [main] INFO  o.a.catalina.core.StandardService - Starting service [Tomcat]
10:47:07.744 [main] INFO  o.a.catalina.core.StandardEngine - Starting Servlet Engine: Apache Tomcat/9.0.13
10:47:07.759 [main] INFO  o.a.c.core.AprLifecycleListener - The APR based Apache Tomcat Native library which allows optimal performance in production environments was not found on the java.library.path: [D:\ProgramFiles\Java\jdk1.8.0_144\bin;C:\Windows\Sun\Java\bin;C:\Windows\system32;C:\Windows;D:\ProgramFiles\Java\jdk1.8.0_144\jre\bin;D:/ProgramFiles/Java/jdk1.8.0_144/bin/../jre/bin/server;D:/ProgramFiles/Java/jdk1.8.0_144/bin/../jre/bin;D:/ProgramFiles/Java/jdk1.8.0_144/bin/../jre/lib/amd64;C:\Program Files (x86)\Microsoft Visual Studio\2017\Community\MSBuild\15.0\Bin;D:\ProgramFiles\sonar-scanner-msbuild-4.6.2.2108-net46;D:\ProgramFiles\sonar-scanner-cli-4.0.0.1744-windows\sonar-scanner-4.0.0.1744-windows\bin;C:\OpenSSL-Win64\bin;C:\Program Files\gnuplot\bin;C:\Python27;D:\ProgramFiles\sqlite-dll-win64-x64-3270200;D:\ProgramFiles\kafka-connect\plugins\schema-registry-master\bin\windows;D:\ProgramFiles\kafka_2.11-0.11.0.1\bin;D:\ProgramFiles\zookeeper-3.4.6\bin;D:\ProgramFiles\sqlite;D:\ProgramFiles\erl7.1\bin;D:\ProgramFiles\ffmpeg-3.4-win64-static\bin;D:\ProgramFiles\mongodb3.4.6\bin;D:\ProgramFiles\Java\jdk1.8.0_144\bin;D:\ProgramFiles\apache-maven-3.3.9\bin;D:\ProgramFiles\OracleInstall\product\11.2.0\dbhome_1\bin;C:\ProgramData\Oracle\Java\javapath;C:\Windows\system32;C:\Windows;C:\Windows\System32\Wbem;C:\Windows\System32\WindowsPowerShell\v1.0\;C:\Program Files\TortoiseSVN\bin;C:\Program Files (x86)\MySQL\MySQL Fabric 1.5 & MySQL Utilities 1.5\;C:\Program Files (x86)\MySQL\MySQL Fabric 1.5 & MySQL Utilities 1.5\Doctrine extensions for PHP\;D:\ProgramFiles\VanDyke Software\Clients\;D:\ProgramFiles\Oracle\Instant Client\bin;C:\Program Files\OpenVPN\bin;C:\Program Files (x86)\IBM\Rational AppScan\;C:\Program Files\Git\cmd;C:\Program Files (x86)\Microsoft SQL Server\80\Tools\Binn\;C:\Program Files\TortoiseGit\bin;C:\Program Files\Microsoft SQL Server Migration Assistant for MySQL\bin\;D:\ProgramFiles\nodejs\node_global;D:\ProgramFiles\PuTTY\;D:\ProgramFiles\nodejs\;C:\Program Files\dotnet\;;C:\Users\Administrator\AppData\Local\Programs\Fiddler;C:\Users\Administrator\AppData\Roaming\npm;C:\Program Files\Docker Toolbox;D:\ProgramFiles\spring-tool-suite-3.9.1.RELEASE\sts-bundle\sts-3.9.1.RELEASE;;.]
10:47:08.000 [main] INFO  o.a.c.c.C.[Tomcat].[localhost].[/] - Initializing Spring embedded WebApplicationContext
10:47:08.001 [main] INFO  o.s.web.context.ContextLoader - Root WebApplicationContext: initialization completed in 3459 ms
10:47:08.480 [main] WARN  o.s.b.w.s.c.AnnotationConfigServletWebServerApplicationContext - Exception encountered during context initialization - cancelling refresh attempt: org.springframework.beans.factory.UnsatisfiedDependencyException: Error creating bean with name 'fileUploadController': Unsatisfied dependency expressed through field 'fileLogService'; nested exception is org.springframework.beans.factory.UnsatisfiedDependencyException: Error creating bean with name 'fileLogServiceImpl': Unsatisfied dependency expressed through field 'fileStoreLogMapper'; nested exception is org.springframework.beans.factory.UnsatisfiedDependencyException: Error creating bean with name 'fileStoreLogMapper' defined in file [C:\Users\Administrator\git\gxb-management\youedata-base-support\youedata-dfs\target\classes\com\youedata\dfs\persistence\mapper\FileStoreLogMapper.class]: Unsatisfied dependency expressed through bean property 'sqlSessionFactory'; nested exception is org.springframework.beans.factory.UnsatisfiedDependencyException: Error creating bean with name 'sqlSessionFactory' defined in class path resource [com/baomidou/mybatisplus/autoconfigure/MybatisPlusAutoConfiguration.class]: Unsatisfied dependency expressed through method 'sqlSessionFactory' parameter 0; nested exception is org.springframework.beans.factory.BeanCreationException: Error creating bean with name 'dataSource' defined in class path resource [cn/stylefeng/roses/core/config/MybatisDataSourceAutoConfiguration.class]: Bean instantiation via factory method failed; nested exception is org.springframework.beans.BeanInstantiationException: Failed to instantiate [com.alibaba.druid.pool.DruidDataSource]: Factory method 'dataSource' threw exception; nested exception is java.lang.NoClassDefFoundError: org/apache/log4j/Priority
10:47:08.487 [main] INFO  o.a.catalina.core.StandardService - Stopping service [Tomcat]
10:47:08.533 [main] INFO  o.s.b.a.l.ConditionEvaluationReportLoggingListener - 

Error starting ApplicationContext. To display the conditions report re-run your application with 'debug' enabled.
10:47:08.541 [main] ERROR o.s.boot.SpringApplication - Application run failed
org.springframework.beans.factory.UnsatisfiedDependencyException: Error creating bean with name 'fileUploadController': Unsatisfied dependency expressed through field 'fileLogService'; nested exception is org.springframework.beans.factory.UnsatisfiedDependencyException: Error creating bean with name 'fileLogServiceImpl': Unsatisfied dependency expressed through field 'fileStoreLogMapper'; nested exception is org.springframework.beans.factory.UnsatisfiedDependencyException: Error creating bean with name 'fileStoreLogMapper' defined in file [C:\Users\Administrator\git\gxb-management\youedata-base-support\youedata-dfs\target\classes\com\youedata\dfs\persistence\mapper\FileStoreLogMapper.class]: Unsatisfied dependency expressed through bean property 'sqlSessionFactory'; nested exception is org.springframework.beans.factory.UnsatisfiedDependencyException: Error creating bean with name 'sqlSessionFactory' defined in class path resource [com/baomidou/mybatisplus/autoconfigure/MybatisPlusAutoConfiguration.class]: Unsatisfied dependency expressed through method 'sqlSessionFactory' parameter 0; nested exception is org.springframework.beans.factory.BeanCreationException: Error creating bean with name 'dataSource' defined in class path resource [cn/stylefeng/roses/core/config/MybatisDataSourceAutoConfiguration.class]: Bean instantiation via factory method failed; nested exception is org.springframework.beans.BeanInstantiationException: Failed to instantiate [com.alibaba.druid.pool.DruidDataSource]: Factory method 'dataSource' threw exception; nested exception is java.lang.NoClassDefFoundError: org/apache/log4j/Priority
	at org.springframework.beans.factory.annotation.AutowiredAnnotationBeanPostProcessor$AutowiredFieldElement.inject(AutowiredAnnotationBeanPostProcessor.java:596)
	at org.springframework.beans.factory.annotation.InjectionMetadata.inject(InjectionMetadata.java:90)
	at org.springframework.beans.factory.annotation.AutowiredAnnotationBeanPostProcessor.postProcessProperties(AutowiredAnnotationBeanPostProcessor.java:374)
	at org.springframework.beans.factory.support.AbstractAutowireCapableBeanFactory.populateBean(AbstractAutowireCapableBeanFactory.java:1378)
	at org.springframework.beans.factory.support.AbstractAutowireCapableBeanFactory.doCreateBean(AbstractAutowireCapableBeanFactory.java:575)
	at org.springframework.beans.factory.support.AbstractAutowireCapableBeanFactory.createBean(AbstractAutowireCapableBeanFactory.java:498)
	at org.springframework.beans.factory.support.AbstractBeanFactory.lambda$doGetBean$0(AbstractBeanFactory.java:320)
	at org.springframework.beans.factory.support.DefaultSingletonBeanRegistry.getSingleton(DefaultSingletonBeanRegistry.java:222)
	at org.springframework.beans.factory.support.AbstractBeanFactory.doGetBean(AbstractBeanFactory.java:318)
	at org.springframework.beans.factory.support.AbstractBeanFactory.getBean(AbstractBeanFactory.java:199)
	at org.springframework.beans.factory.support.DefaultListableBeanFactory.preInstantiateSingletons(DefaultListableBeanFactory.java:846)
	at org.springframework.context.support.AbstractApplicationContext.finishBeanFactoryInitialization(AbstractApplicationContext.java:863)
	at org.springframework.context.support.AbstractApplicationContext.refresh(AbstractApplicationContext.java:546)
	at org.springframework.boot.web.servlet.context.ServletWebServerApplicationContext.refresh(ServletWebServerApplicationContext.java:142)
	at org.springframework.boot.SpringApplication.refresh(SpringApplication.java:775)
	at org.springframework.boot.SpringApplication.refreshContext(SpringApplication.java:397)
	at org.springframework.boot.SpringApplication.run(SpringApplication.java:316)
	at org.springframework.boot.SpringApplication.run(SpringApplication.java:1260)
	at org.springframework.boot.SpringApplication.run(SpringApplication.java:1248)
	at com.youedata.dfs.RenewUploadApplication.main(RenewUploadApplication.java:27)
Caused by: org.springframework.beans.factory.UnsatisfiedDependencyException: Error creating bean with name 'fileLogServiceImpl': Unsatisfied dependency expressed through field 'fileStoreLogMapper'; nested exception is org.springframework.beans.factory.UnsatisfiedDependencyException: Error creating bean with name 'fileStoreLogMapper' defined in file [C:\Users\Administrator\git\gxb-management\youedata-base-support\youedata-dfs\target\classes\com\youedata\dfs\persistence\mapper\FileStoreLogMapper.class]: Unsatisfied dependency expressed through bean property 'sqlSessionFactory'; nested exception is org.springframework.beans.factory.UnsatisfiedDependencyException: Error creating bean with name 'sqlSessionFactory' defined in class path resource [com/baomidou/mybatisplus/autoconfigure/MybatisPlusAutoConfiguration.class]: Unsatisfied dependency expressed through method 'sqlSessionFactory' parameter 0; nested exception is org.springframework.beans.factory.BeanCreationException: Error creating bean with name 'dataSource' defined in class path resource [cn/stylefeng/roses/core/config/MybatisDataSourceAutoConfiguration.class]: Bean instantiation via factory method failed; nested exception is org.springframework.beans.BeanInstantiationException: Failed to instantiate [com.alibaba.druid.pool.DruidDataSource]: Factory method 'dataSource' threw exception; nested exception is java.lang.NoClassDefFoundError: org/apache/log4j/Priority
	at org.springframework.beans.factory.annotation.AutowiredAnnotationBeanPostProcessor$AutowiredFieldElement.inject(AutowiredAnnotationBeanPostProcessor.java:596)
	at org.springframework.beans.factory.annotation.InjectionMetadata.inject(InjectionMetadata.java:90)
	at org.springframework.beans.factory.annotation.AutowiredAnnotationBeanPostProcessor.postProcessProperties(AutowiredAnnotationBeanPostProcessor.java:374)
	at org.springframework.beans.factory.support.AbstractAutowireCapableBeanFactory.populateBean(AbstractAutowireCapableBeanFactory.java:1378)
	at org.springframework.beans.factory.support.AbstractAutowireCapableBeanFactory.doCreateBean(AbstractAutowireCapableBeanFactory.java:575)
	at org.springframework.beans.factory.support.AbstractAutowireCapableBeanFactory.createBean(AbstractAutowireCapableBeanFactory.java:498)
	at org.springframework.beans.factory.support.AbstractBeanFactory.lambda$doGetBean$0(AbstractBeanFactory.java:320)
	at org.springframework.beans.factory.support.DefaultSingletonBeanRegistry.getSingleton(DefaultSingletonBeanRegistry.java:222)
	at org.springframework.beans.factory.support.AbstractBeanFactory.doGetBean(AbstractBeanFactory.java:318)
	at org.springframework.beans.factory.support.AbstractBeanFactory.getBean(AbstractBeanFactory.java:199)
	at org.springframework.beans.factory.config.DependencyDescriptor.resolveCandidate(DependencyDescriptor.java:273)
	at org.springframework.beans.factory.support.DefaultListableBeanFactory.doResolveDependency(DefaultListableBeanFactory.java:1237)
	at org.springframework.beans.factory.support.DefaultListableBeanFactory.resolveDependency(DefaultListableBeanFactory.java:1164)
	at org.springframework.beans.factory.annotation.AutowiredAnnotationBeanPostProcessor$AutowiredFieldElement.inject(AutowiredAnnotationBeanPostProcessor.java:593)
	... 19 common frames omitted
Caused by: org.springframework.beans.factory.UnsatisfiedDependencyException: Error creating bean with name 'fileStoreLogMapper' defined in file [C:\Users\Administrator\git\gxb-management\youedata-base-support\youedata-dfs\target\classes\com\youedata\dfs\persistence\mapper\FileStoreLogMapper.class]: Unsatisfied dependency expressed through bean property 'sqlSessionFactory'; nested exception is org.springframework.beans.factory.UnsatisfiedDependencyException: Error creating bean with name 'sqlSessionFactory' defined in class path resource [com/baomidou/mybatisplus/autoconfigure/MybatisPlusAutoConfiguration.class]: Unsatisfied dependency expressed through method 'sqlSessionFactory' parameter 0; nested exception is org.springframework.beans.factory.BeanCreationException: Error creating bean with name 'dataSource' defined in class path resource [cn/stylefeng/roses/core/config/MybatisDataSourceAutoConfiguration.class]: Bean instantiation via factory method failed; nested exception is org.springframework.beans.BeanInstantiationException: Failed to instantiate [com.alibaba.druid.pool.DruidDataSource]: Factory method 'dataSource' threw exception; nested exception is java.lang.NoClassDefFoundError: org/apache/log4j/Priority
	at org.springframework.beans.factory.support.AbstractAutowireCapableBeanFactory.autowireByType(AbstractAutowireCapableBeanFactory.java:1482)
	at org.springframework.beans.factory.support.AbstractAutowireCapableBeanFactory.populateBean(AbstractAutowireCapableBeanFactory.java:1362)
	at org.springframework.beans.factory.support.AbstractAutowireCapableBeanFactory.doCreateBean(AbstractAutowireCapableBeanFactory.java:575)
	at org.springframework.beans.factory.support.AbstractAutowireCapableBeanFactory.createBean(AbstractAutowireCapableBeanFactory.java:498)
	at org.springframework.beans.factory.support.AbstractBeanFactory.lambda$doGetBean$0(AbstractBeanFactory.java:320)
	at org.springframework.beans.factory.support.DefaultSingletonBeanRegistry.getSingleton(DefaultSingletonBeanRegistry.java:222)
	at org.springframework.beans.factory.support.AbstractBeanFactory.doGetBean(AbstractBeanFactory.java:318)
	at org.springframework.beans.factory.support.AbstractBeanFactory.getBean(AbstractBeanFactory.java:199)
	at org.springframework.beans.factory.config.DependencyDescriptor.resolveCandidate(DependencyDescriptor.java:273)
	at org.springframework.beans.factory.support.DefaultListableBeanFactory.doResolveDependency(DefaultListableBeanFactory.java:1237)
	at org.springframework.beans.factory.support.DefaultListableBeanFactory.resolveDependency(DefaultListableBeanFactory.java:1164)
	at org.springframework.beans.factory.annotation.AutowiredAnnotationBeanPostProcessor$AutowiredFieldElement.inject(AutowiredAnnotationBeanPostProcessor.java:593)
	... 32 common frames omitted
Caused by: org.springframework.beans.factory.UnsatisfiedDependencyException: Error creating bean with name 'sqlSessionFactory' defined in class path resource [com/baomidou/mybatisplus/autoconfigure/MybatisPlusAutoConfiguration.class]: Unsatisfied dependency expressed through method 'sqlSessionFactory' parameter 0; nested exception is org.springframework.beans.factory.BeanCreationException: Error creating bean with name 'dataSource' defined in class path resource [cn/stylefeng/roses/core/config/MybatisDataSourceAutoConfiguration.class]: Bean instantiation via factory method failed; nested exception is org.springframework.beans.BeanInstantiationException: Failed to instantiate [com.alibaba.druid.pool.DruidDataSource]: Factory method 'dataSource' threw exception; nested exception is java.lang.NoClassDefFoundError: org/apache/log4j/Priority
	at org.springframework.beans.factory.support.ConstructorResolver.createArgumentArray(ConstructorResolver.java:769)
	at org.springframework.beans.factory.support.ConstructorResolver.instantiateUsingFactoryMethod(ConstructorResolver.java:509)
	at org.springframework.beans.factory.support.AbstractAutowireCapableBeanFactory.instantiateUsingFactoryMethod(AbstractAutowireCapableBeanFactory.java:1288)
	at org.springframework.beans.factory.support.AbstractAutowireCapableBeanFactory.createBeanInstance(AbstractAutowireCapableBeanFactory.java:1127)
	at org.springframework.beans.factory.support.AbstractAutowireCapableBeanFactory.doCreateBean(AbstractAutowireCapableBeanFactory.java:538)
	at org.springframework.beans.factory.support.AbstractAutowireCapableBeanFactory.createBean(AbstractAutowireCapableBeanFactory.java:498)
	at org.springframework.beans.factory.support.AbstractBeanFactory.lambda$doGetBean$0(AbstractBeanFactory.java:320)
	at org.springframework.beans.factory.support.DefaultSingletonBeanRegistry.getSingleton(DefaultSingletonBeanRegistry.java:222)
	at org.springframework.beans.factory.support.AbstractBeanFactory.doGetBean(AbstractBeanFactory.java:318)
	at org.springframework.beans.factory.support.AbstractBeanFactory.getBean(AbstractBeanFactory.java:199)
	at org.springframework.beans.factory.config.DependencyDescriptor.resolveCandidate(DependencyDescriptor.java:273)
	at org.springframework.beans.factory.support.DefaultListableBeanFactory.doResolveDependency(DefaultListableBeanFactory.java:1237)
	at org.springframework.beans.factory.support.DefaultListableBeanFactory.resolveDependency(DefaultListableBeanFactory.java:1164)
	at org.springframework.beans.factory.support.AbstractAutowireCapableBeanFactory.autowireByType(AbstractAutowireCapableBeanFactory.java:1467)
	... 43 common frames omitted
Caused by: org.springframework.beans.factory.BeanCreationException: Error creating bean with name 'dataSource' defined in class path resource [cn/stylefeng/roses/core/config/MybatisDataSourceAutoConfiguration.class]: Bean instantiation via factory method failed; nested exception is org.springframework.beans.BeanInstantiationException: Failed to instantiate [com.alibaba.druid.pool.DruidDataSource]: Factory method 'dataSource' threw exception; nested exception is java.lang.NoClassDefFoundError: org/apache/log4j/Priority
	at org.springframework.beans.factory.support.ConstructorResolver.instantiate(ConstructorResolver.java:627)
	at org.springframework.beans.factory.support.ConstructorResolver.instantiateUsingFactoryMethod(ConstructorResolver.java:456)
	at org.springframework.beans.factory.support.AbstractAutowireCapableBeanFactory.instantiateUsingFactoryMethod(AbstractAutowireCapableBeanFactory.java:1288)
	at org.springframework.beans.factory.support.AbstractAutowireCapableBeanFactory.createBeanInstance(AbstractAutowireCapableBeanFactory.java:1127)
	at org.springframework.beans.factory.support.AbstractAutowireCapableBeanFactory.doCreateBean(AbstractAutowireCapableBeanFactory.java:538)
	at org.springframework.beans.factory.support.AbstractAutowireCapableBeanFactory.createBean(AbstractAutowireCapableBeanFactory.java:498)
	at org.springframework.beans.factory.support.AbstractBeanFactory.lambda$doGetBean$0(AbstractBeanFactory.java:320)
	at org.springframework.beans.factory.support.DefaultSingletonBeanRegistry.getSingleton(DefaultSingletonBeanRegistry.java:222)
	at org.springframework.beans.factory.support.AbstractBeanFactory.doGetBean(AbstractBeanFactory.java:318)
	at org.springframework.beans.factory.support.AbstractBeanFactory.getBean(AbstractBeanFactory.java:199)
	at org.springframework.beans.factory.config.DependencyDescriptor.resolveCandidate(DependencyDescriptor.java:273)
	at org.springframework.beans.factory.support.DefaultListableBeanFactory.doResolveDependency(DefaultListableBeanFactory.java:1237)
	at org.springframework.beans.factory.support.DefaultListableBeanFactory.resolveDependency(DefaultListableBeanFactory.java:1164)
	at org.springframework.beans.factory.support.ConstructorResolver.resolveAutowiredArgument(ConstructorResolver.java:857)
	at org.springframework.beans.factory.support.ConstructorResolver.createArgumentArray(ConstructorResolver.java:760)
	... 56 common frames omitted
Caused by: org.springframework.beans.BeanInstantiationException: Failed to instantiate [com.alibaba.druid.pool.DruidDataSource]: Factory method 'dataSource' threw exception; nested exception is java.lang.NoClassDefFoundError: org/apache/log4j/Priority
	at org.springframework.beans.factory.support.SimpleInstantiationStrategy.instantiate(SimpleInstantiationStrategy.java:185)
	at org.springframework.beans.factory.support.ConstructorResolver.instantiate(ConstructorResolver.java:622)
	... 70 common frames omitted
Caused by: java.lang.NoClassDefFoundError: org/apache/log4j/Priority
	at java.lang.Class.forName0(Native Method)
	at java.lang.Class.forName(Class.java:264)
	at com.alibaba.druid.util.Utils.loadClass(Utils.java:212)
	at com.alibaba.druid.filter.FilterManager.loadFilter(FilterManager.java:114)
	at com.alibaba.druid.pool.DruidAbstractDataSource.addFilters(DruidAbstractDataSource.java:1363)
	at com.alibaba.druid.pool.DruidAbstractDataSource.setFilters(DruidAbstractDataSource.java:1352)
	at cn.stylefeng.roses.core.config.properties.DruidProperties.config(DruidProperties.java:97)
	at cn.stylefeng.roses.core.config.MybatisDataSourceAutoConfiguration.dataSource(MybatisDataSourceAutoConfiguration.java:50)
	at cn.stylefeng.roses.core.config.MybatisDataSourceAutoConfiguration$$EnhancerBySpringCGLIB$$b2243153.CGLIB$dataSource$0(<generated>)
	at cn.stylefeng.roses.core.config.MybatisDataSourceAutoConfiguration$$EnhancerBySpringCGLIB$$b2243153$$FastClassBySpringCGLIB$$6fa16f49.invoke(<generated>)
	at org.springframework.cglib.proxy.MethodProxy.invokeSuper(MethodProxy.java:244)
	at org.springframework.context.annotation.ConfigurationClassEnhancer$BeanMethodInterceptor.intercept(ConfigurationClassEnhancer.java:363)
	at cn.stylefeng.roses.core.config.MybatisDataSourceAutoConfiguration$$EnhancerBySpringCGLIB$$b2243153.dataSource(<generated>)
	at sun.reflect.NativeMethodAccessorImpl.invoke0(Native Method)
	at sun.reflect.NativeMethodAccessorImpl.invoke(NativeMethodAccessorImpl.java:62)
	at sun.reflect.DelegatingMethodAccessorImpl.invoke(DelegatingMethodAccessorImpl.java:43)
	at java.lang.reflect.Method.invoke(Method.java:498)
	at org.springframework.beans.factory.support.SimpleInstantiationStrategy.instantiate(SimpleInstantiationStrategy.java:154)
	... 71 common frames omitted
Caused by: java.lang.ClassNotFoundException: org.apache.log4j.Priority
	at java.net.URLClassLoader.findClass(URLClassLoader.java:381)
	at java.lang.ClassLoader.loadClass(ClassLoader.java:424)
	at sun.misc.Launcher$AppClassLoader.loadClass(Launcher.java:335)
	at java.lang.ClassLoader.loadClass(ClassLoader.java:357)
	... 89 common frames omitted
